mode: set
project/internal/handler/handler.go:26.49,28.2 1 1
project/internal/handler/handler.go:30.67,40.2 3 1
project/internal/handler/handler.go:42.68,44.25 2 1
project/internal/handler/handler.go:44.25,47.3 2 1
project/internal/handler/handler.go:48.2,50.16 3 1
project/internal/handler/handler.go:50.16,53.3 2 1
project/internal/handler/handler.go:54.2,54.23 1 1
project/internal/handler/handler.go:54.23,57.3 2 1
project/internal/handler/handler.go:58.2,60.16 3 1
project/internal/handler/handler.go:60.16,63.3 2 1
project/internal/handler/handler.go:64.2,65.31 2 1
project/internal/handler/handler.go:65.31,68.17 3 1
project/internal/handler/handler.go:68.17,71.4 2 0
project/internal/handler/handler.go:72.3,72.37 1 1
project/internal/handler/handler.go:74.2,74.21 1 1
project/internal/handler/handler.go:74.21,77.3 2 0
project/internal/handler/handler.go:78.2,79.16 2 1
project/internal/handler/handler.go:79.16,80.40 1 0
project/internal/handler/handler.go:80.40,82.4 1 0
project/internal/handler/handler.go:82.9,84.4 1 0
project/internal/handler/handler.go:85.3,85.9 1 0
project/internal/handler/handler.go:87.2,90.26 4 1
project/internal/handler/handler.go:93.67,94.19 1 1
project/internal/handler/handler.go:94.19,97.3 2 0
project/internal/handler/handler.go:98.2,99.16 2 1
project/internal/handler/handler.go:99.16,102.3 2 0
project/internal/handler/handler.go:103.2,105.16 3 1
project/internal/handler/handler.go:105.16,108.3 2 1
project/internal/handler/handler.go:109.2,110.16 2 1
project/internal/handler/handler.go:110.16,113.3 2 0
project/internal/handler/handler.go:114.2,119.26 4 1
